<?xml version="1.0" encoding="UTF-8"?>
<testsuite name="CalculadorCombustibleTest" tests="3" skipped="0" failures="0" errors="0" timestamp="2024-05-29T02:24:25" hostname="DESKTOP-EGJAB17" time="0.015">
  <properties/>
  <testcase name="testCalcularConsumoAvionPrivadoRetorna2600()" classname="CalculadorCombustibleTest" time="0.004"/>
  <testcase name="testCalcularConsumoAvionComercialRetorna5000()" classname="CalculadorCombustibleTest" time="0.002"/>
  <testcase name="testGetInstanceRetornaMismaInstancia()" classname="CalculadorCombustibleTest" time="0.006"/>
  <system-out><![CDATA[]]></system-out>
  <system-err><![CDATA[]]></system-err>
</testsuite>
